0070F4B50000B5
0070F4B50000B5
0070F4B50000B5
0070F4B50000B5
0070F4B50000B5
0070F4B50000B5
0070F4B50000B5
0070F4B50000B5
0070F4B50000B5
0070F4B50000B5
0070F4B50000B5
0070F4B50000B5
1826F456010100
182756F4A510
1826F456010100
182756F4A510
1826F456010100
182756F4A510
1826F456010100
182756F4A510
1826F456010100
182756F4A510
1826F456010100
182756F4A510
1826F456010100
182756F4A510
1826F456010100
182756F4A510
1826F456010100
182756F4A510
1826F456010100
182756F4A510
1826F456010100
182756F4A510
1826F456010100
182756F4A510
1826F456010100
182756F4A510
1826F456010100
182756F4A510
1826F456010100
182756F4A510
1826F456010100
182756F4A510
1826F456010100
182756F4A510
1826F456010100
182756F4A510
1826F456010100
182756F4A510
1826F456010100
182756F4A510
1826F456010100
182756F4A510
1826F456010100
182756F4A510
1826F456010100
182756F4A510
1826F456010100
182756F4A510
1826F456010100
182756F4A510
1826F456010100
182756F4A510
1826F456010100
182756F4A510
1826F456010100
182756F4A510
1826F456010100
182756F4A510
1826F456010100
182756F4A510
1826F456010100
182756F4A510
1826F456010100
182756F4A510
1826F456010100
182756F4A510
1826F456010100
182756F4A510
1826F456010100
182756F4A510
1826F456010100
182756F4A510
1826F456010100
182756F4A510
1826F456010100
182756F4A510
1826F456010100
182756F4A510
1826F456010100
182756F4A510
1826F456010100
182756F4A510
1826F456010100
182756F4A510
1826F456010100
182756F4A510
1826F456010100
182756F4A510
1826F456010100
182756F4A510
1826F456010100
182756F4A510
1826F456010100
182756F4A510
1826F456010100
182756F4A510
1826F456010100
182756F4A510
1826F456010100
182756F4A510
1826F456010100
182756F4A510
1826F456010100
182756F4A510
1826F456010100
182756F4A510
1826F456010100
182756F4A510
1826F456010100
182756F4A510
1826F456010100
182756F4A510
1826F456010100
182756F4A510
1826F456010100
182756F4A510
1826F456010100
182756F4A510
1826F456010100
182756F4A510
1826F456010100
182756F4A510
1826F456010100
182756F4A510
1826F456010100
182756F4A510
1826F456010100
182756F4A510
1826F456010100
182756F4A510
1826F456010100
182756F4A510
1801F4560001010101313233
182756F4A510
1CEC56F410310007FF000200
1CECF456110701FFFF000200
1CEB56F40101010003F00540
1CEB56F4020E010000000100
1CEB56F4030000630B089500
1CEB56F4040001FF4C314E53
1CEB56F40550474839384E41
1CEB56F40631393632303200
1CEB56F4070104E707FFFF00
1CECF45613310007FF000200
1801F456AA01010101313233
1CEC56F4100D0002FF000600
1CECF456110201FFFF000600
1CEB56F4017201DA052A02A5
1CEB56F40210730803C60EFF
1CECF456130D0002FF000600
1807F456FFFFFFFFFFFFFF
1808F4561C257C01DC05A00F
100956F400
1808F4561C257C01DC05A00F
100956F400
1807F456FFFFFFFFFFFFFF
1808F4561C257C01DC05A00F
100956F400
100956F400
1808F4561C257C01DC05A00F
1807F456FFFFFFFFFFFFFF
100956F400
1808F4561C257C01DC05A00F
100956F4AA
100AF45600
100AF456AA
181056F4A510D80E02
1CEC56F410090002FF001100
1CECF456110201FFFF001100
1CEB56F401C50EA00F4C614D
1CEB56F4020000FFFFFFFFFF
1CECF45613090002FF001100
181056F4A510D80E02
1812F456240BA00F0000FD
181056F4A510D80E02
1812F456240BA00F0000FD
181056F4A510D80E02
181056F4A510D80E02
1812F456240BA00F0000FD
181056F4A510D80E02
1CEC56F410090002FF001100
1CECF456110201FFFF001100
1CEB56F401C50EA00F4C114D
1812F456240BA00F0000FD
1CEB56F4020000FFFFFFFFFF
1CECF45613090002FF001100
181056F4A510D80E02
181356F41E3606350F0010
1812F456240BA00F0000FD
181056F4A510D80E02
181056F4A510D80E02
1812F456240BA00F0000FD
181056F4A510D80E02
1812F456240BA00F0000FD
181056F4A510D80E02
1CEC56F410090002FF001100
1CECF456110201FFFF001100
1CEB56F401C50EA00F4C314D
1CEB56F4020000FFFFFFFFFF
1CECF45613090002FF001100
181056F4A510D80E02
1812F456240BA00F0000FD
181356F41E3606350F0010
181056F4A510D80E02
1812F456240BA00F0000FD
181056F4A510D80E02
1812F456240BA00F0000FD
181056F4A510D80E02
181056F4A510D80E02
1CEC56F410090002FF001100
1812F456240BA00F0000FD
1CECF456110201FFFF001100
1CEB56F401C40EA00F4C614D
1CEB56F4020000FFFFFFFFFF
1CECF45613090002FF001100
181056F4A510D80E02
1812F456240BA00F0000FD
181356F41E3606350F0010
181056F4A510D80E02
1812F456240BA00F0000FD
181056F4A510D80E02
181056F4A510D80E02
1812F456C50EA00F0000FD
181056F4A510D80E02
1CEC56F410090002FF001100
1CECF456110201FFFF001100
1CEB56F401C50EA00F4CE14D
1CEB56F4020000FFFFFFFFFF
1CECF45613090002FF001100
1812F456C50EA00F0000FD
181056F4A510D80E02
181356F4213606350F0010
181056F4A510D80E02
1812F456C50EA00F0000FD
181056F4A510D80E02
1812F456C50EA00F0000FD
181056F4A510D80E02
1812F456C50EA00F0000FD
181056F4A510D80E02
1CEC56F410090002FF001100
1CECF456110201FFFF001100
1CEB56F401C50E9F0F4CE14D
1CEB56F4020000FFFFFFFFFF
1CECF45613090002FF001100
181056F4A510D80E02
1812F456C50EA00F0000FD
181356F4213606350F0010
181056F4A510D80E02
1812F456C50EA00F0000FD
181056F4A510D80E02
1812F456C50EA00F0000FD
181056F4A510D80E02
181056F4A510D80E02
1CEC56F410090002FF001100
1CECF456110201FFFF001100
1812F456C50EA00F0000FD
1CEB56F401C60E9D0F4C114D
1CEB56F4020000FFFFFFFFFF
1CECF45613090002FF001100
181056F4A510D80E02
181356F41B360635110010
1812F456C50EA00F0000FD
181056F4A510D80E02
181056F4A510D80E02
1812F456C50EA00F0000FD
181056F4A510D80E02
1812F456C50EA00F0000FD
181056F4A510D80E02
1CEC56F410090002FF001100
1CECF456110201FFFF001100
1CEB56F401C70E9A0F4CE14D
1CEB56F4020000FFFFFFFFFF
1CECF45613090002FF001100
1812F456C50EA00F0000FD
181056F4A510D80E02
181356F4263606350F0010
181056F4A510D80E02
1812F456C50EA00F0000FD
181056F4A510D80E02
1812F456C50EA00F0000FD
181056F4A510D80E02
1812F456C50EA00F0000FD
181056F4A510760E02
1CEC56F410090002FF001100
1CECF456110201FFFF001100
1CEB56F401C70E990F4C614D
1CEB56F4020000FFFFFFFFFF
1CECF45613090002FF001100
181056F4A510760E02
1812F456C50EA00F0000FD
181356F421360635180010
181056F4A510760E02
1812F456C50EA00F0000FD
181056F4A510760E02
181056F4A510760E02
1812F456C50EA00F0000FD
181056F4A510760E02
1CEC56F410090002FF001100
1CECF456110201FFFF001100
1CEB56F401C60E980F4C114D
1812F456C50EA00F0000FD
1CEB56F4020000FFFFFFFFFF
1CECF45613090002FF001100
181056F4A510760E02
181356F4213606350F0010
1812F456C50EA00F0000FD
181056F4A510760E02
181056F4A510760E02
1812F456C50EA00F0000FD
181056F4A510760E02
1812F456C50EA00F0000FD
181056F4A510760E02
1CEC56F410090002FF001100
1CECF456110201FFFF001100
1CEB56F401C60E970F4C614D
1CEB56F4020000FFFFFFFFFF
1CECF45613090002FF001100
1812F456C50EA00F0000FD
181056F4A510760E02
181356F41E3606350F0010
181056F4A510760E02
1812F456C50EA00F0000FD
181056F4A510760E02
1812F456C50EA00F0000FD
181056F4A510760E02
181056F4A510760E02
1812F456C50EA00F0000FD
1CEC56F410090002FF001100
1CECF456110201FFFF001100
1CEB56F401C60E940F4C614D
1CEB56F4020000FFFFFFFFFF
1CECF45613090002FF001100
181056F4A510760E02
1812F456C50EA00F0000FD
181356F426360635110010
181056F4A510760E02
1812F456C50EA00F0000FD
181056F4A510760E02
181056F4A510760E02
1812F456C50EA00F0000FD
181056F4A510760E02
1CEC56F410090002FF001100
1CECF456110201FFFF001100
1CEB56F401C60E950F4CE14D
1CEB56F4020000FFFFFFFFFF
1CECF45613090002FF001100
1812F456C50EA00F0000FD
181056F4A510760E02
181356F41E3606350F0010
1812F456C50EA00F0000FD
181056F4A510760E02
181056F4A510760E02
1812F456C50EA00F0000FD
181056F4A510760E02
1812F456C50EA00F0000FD
181056F4A510760E02
1CEC56F410090002FF001100
1CECF456110201FFFF001100
1CEB56F401C80E9A0F4C614D
1CEB56F4020000FFFFFFFFFF
1CECF45613090002FF001100
181056F4A510760E02
1812F456C60EA00F0000FD
181356F421360635110010
181056F4A510760E02
1812F456C60EA00F0000FD
181056F4A510760E02
1812F456C60EA00F0000FD
181056F4A510760E02
181056F4A510760E02
1CEC56F410090002FF001100
1CECF456110201FFFF001100
1812F456C60EA00F0000FD
1CEB56F401C70EA00F4C614D
1CEB56F4020000FFFFFFFFFF
1CECF45613090002FF001100
181056F4A510760E02
181356F41B3606350F0010
1812F456C60EA00F0000FD
181056F4A510760E02
1812F456C60EA00F0000FD
181056F4A510760E02
181056F4A510760E02
1812F456C60EA00F0000FD
181056F4A510760E02
1CEC56F410090002FF001100
1CECF456110201FFFF001100
1CEB56F401C80EA00F4C014D
1CEB56F4020000FFFFFFFFFF
1CECF45613090002FF001100
1812F456C60EA00F0000FD
181056F4A510760E02
181356F4263606350F0010
181056F4A510760E02
1812F456C60EA00F0000FD
181056F4A510760E02
1812F456C60EA00F0000FD
181056F4A510760E02
1812F456C60EA00F0000FD
181056F4A510760E02
1CEC56F410090002FF001100
1CECF456110201FFFF001100
1CEB56F401C80EA00F4CE14D
1CEB56F4020000FFFFFFFFFF
1CECF45613090002FF001100
181056F4A510760E02
1812F456C60EA00F0000FD
181356F4213606350F0010
181056F4A510760E02
1812F456C60EA00F0000FD
181056F4A510760E02
181056F4A510760E02
1812F456C60EA00F0000FD
181056F4A510760E02
1CEC56F410090002FF001100
1CECF456110201FFFF001100
1CEB56F401C70EA00F4C614D
1812F456C60EA00F0000FD
1CEB56F4020000FFFFFFFFFF
1CECF45613090002FF001100
181056F4A510760E02
181356F4213606350F0010
1812F456C60EA00F0000FD
181056F4A510760E02
181056F4A510760E02
1812F456C60EA00F0000FD
181056F4A510760E02
1812F456C60EA00F0000FD
181056F4A510760E02
1CEC56F410090002FF001100
1CECF456110201FFFF001100
1CEB56F401C80EA00F4C514D
1CEB56F4020000FFFFFFFFFF
1CECF45613090002FF001100
1812F456C80EA00F0000FD
181056F4A510760E02
181356F41E360635110010
181056F4A510760E02
1812F456C80EA00F0000FD
181056F4A510760E02
1812F456C80EA00F0000FD
181056F4A510760E02
181056F4A510760E02
1812F456C80EA00F0000FD
1CEC56F410090002FF001100
1CECF456110201FFFF001100
1CEB56F401C90EA00F4C314D
1CEB56F4020000FFFFFFFFFF
1CECF45613090002FF001100
181056F4A510760E02
1812F456C80EA00F0000FD
181356F421360635180010
181056F4A510760E02
1812F456C80EA00F0000FD
181056F4A510760E02
181056F4A510760E02
1812F456C80EA00F0000FD
181056F4A510760E02
1CEC56F410090002FF001100
1CECF456110201FFFF001100
1CEB56F401CB0EA00F4C614D
1812F456C80EA00F0000FD
1CEB56F4020000FFFFFFFFFF
1CECF45613090002FF001100
181056F4A510760E02
181356F426360635180010
1812F456C80EA00F0000FD
181056F4A510760E02
181056F4A510760E02
1812F456C80EA00F0000FD
181056F4A510760E02
1812F456C80EA00F0000FD
181056F4A510760E02
1CEC56F410090002FF001100
1CECF456110201FFFF001100
1CEB56F401C80EA00F4C514D
1CEB56F4020000FFFFFFFFFF
1CECF45613090002FF001100
181056F4A510760E02
1812F456C80EA00F0000FD
181356F423360635180010
181056F4A510760E02
1812F456C80EA00F0000FD
181056F4A510760E02
1812F456C80EA00F0000FD
181056F4A510760E02
181056F4A510760E02
1812F456C80EA00F0000FD
1CEC56F410090002FF001100
1CECF456110201FFFF001100
1CEB56F401C90EA00F4C614D
1CEB56F4020000FFFFFFFFFF
1CECF45613090002FF001100
181056F4A510760E02
1812F456C80EA00F0000FD
181356F4263606350F0010
181056F4A510760E02
1812F456C80EA00F0000FD
181056F4A510760E02
181056F4A510760E02
1812F456C90EA00F0000FD
181056F4A510760E02
1CEC56F410090002FF001100
1CECF456110201FFFF001100
1CEB56F401C90EA00F4C114D
1CEB56F4020000FFFFFFFFFF
1CECF45613090002FF001100
1812F456C90EA00F0000FD
181056F4A510760E02
181356F41E360635110010
181056F4A510760E02
1812F456C90EA00F0000FD
181056F4A510760E02
1812F456C90EA00F0000FD
181056F4A510760E02
1812F456C90EA00F0000FD
181056F4A510760E02
1CEC56F410090002FF001100
1CECF456110201FFFF001100
1CEB56F401CA0EA00F4C514D
1CEB56F4020000FFFFFFFFFF
1CECF45613090002FF001100
181056F4A510760E02
1812F456C90EA00F0000FD
181356F4343606350F0010
181056F4A510760E02
1812F456C90EA00F0000FD
181056F4A510760E02
1812F456C90EA00F0000FD
181056F4A510760E02
181056F4A510760E02
1CEC56F410090002FF001100
1CECF456110201FFFF001100
1812F456C90EA00F0000FD
1CEB56F401C80EA00F4C814D
1CEB56F4020000FFFFFFFFFF
1CECF45613090002FF001100
181056F4A510760E02
181356F41B360635110010
1812F456C90EA00F0000FD
181056F4A510760E02
181056F4A510760E02
1812F456C90EA00F0000FD
181056F4A510760E02
1812F456C90EA00F0000FD
181056F4A510760E02
1CEC56F410090002FF001100
1CECF456110201FFFF001100
1CEB56F401C90EA00F4C414D
1CEB56F4020000FFFFFFFFFF
1CECF45613090002FF001100
1812F456C90EA00F0000FD
181056F4A510760E02
181356F426360635180010
181056F4A510760E02
1812F456C90EA00F0000FD
181056F4A510760E02
1812F456C90EA00F0000FD
181056F4A510760E02
1812F456C90EA00F0000FD
181056F4A510760E02
1CEC56F410090002FF001100
1CECF456110201FFFF001100
1CEB56F401C90EA00F4C614D
1CEB56F4020000FFFFFFFFFF
1CECF45613090002FF001100
181056F4A510760E02
1812F456C90EA00F0000FD
181356F41E3606350F0010
181056F4A510760E02
1812F456C90EA00F0000FD
181056F4A510760E02
181056F4A510760E02
1812F456C90EA00F0000FD
181056F4A510760E02
1CEC56F410090002FF001100
1CECF456110201FFFF001100
1CEB56F401C80EA00F4C614D
1812F456C90EA00F0000FD
1CEB56F4020000FFFFFFFFFF
1CECF45613090002FF001100
181056F4A510760E02
181356F4233606350F0010
1812F456C90EA00F0000FD
181056F4A510760E02
181056F4A510760E02
1812F456C90EA00F0000FD
181056F4A510760E02
1812F456C90EA00F0000FD
181056F4A510760E02
1CEC56F410090002FF001100
1CECF456110201FFFF001100
1CEB56F401C60EA00F4CE14D
1CEB56F4020000FFFFFFFFFF
1CECF45613090002FF001100
181056F4A510760E02
1812F456C90EA00F0000FD
181356F4263606350F0010
181056F4A510760E02
1812F456C90EA00F0000FD
181056F4A510760E02
1812F456C90EA00F0000FD
181056F4A510760E02
181056F4A510760E02
1812F456C90EA00F0000FD
1CEC56F410090002FF001100
1CECF456110201FFFF001100
1CEB56F401D60E160F4D114D
1CEB56F4020000FFFFFFFFFF
1CECF45613090002FF001100
181056F4A510760E02
1812F456C90EA00F0000FD
181356F41E360635110010
181056F4A510760E02
1812F456C90EA00F0000FD
181056F4A510760E02
181056F4A510760E02
1812F456C90EA00F0000FD
181056F4A510760E02
1CEC56F410090002FF001100
1CECF456110201FFFF001100
1CEB56F401E30E9B0E4E614D
1CEB56F4020000FFFFFFFFFF
1CECF45613090002FF001100
1812F456C90EA00F0000FD
181056F4A510760E02
181356F426360635180010
181056F4A510760E02
1812F456C90EA00F0000FD
181056F4A510760E02
1812F456C90EA00F0000FD
181056F4A510760E02
1812F456C90EA00F0000FD
181056F4A510760E02
1CEC56F410090002FF001100
1CECF456110201FFFF001100
1CEB56F401E70E7F0E4F614D
1CEB56F4020000FFFFFFFFFF
1CECF45613090002FF001100
181056F4A510760E02
1812F456C90EA00F0000FD
181356F42E3606350F0010
181056F4A510760E02
1812F456C90EFD0E0000FD
181056F4A510760E02
1812F456C90EFD0E0000FD
181056F4A510760E02
181056F4A510760E02
1CEC56F410090002FF001100
1CECF456110201FFFF001100
1812F456C90EFD0E0000FD
1CEB56F401E70E7F0E4F514D
1CEB56F4020000FFFFFFFFFF
1CECF45613090002FF001100
181056F4A510760E02
181356F42E360635180010
1812F456C90EFD0E0000FD
181056F4A510760E02
181056F4A510760E02
1812F456C90EFD0E0000FD
181056F4A510760E02
1812F456C90EFD0E0000FD
181056F4A510760E02
1CEC56F410090002FF001100
1CECF456110201FFFF001100
1CEB56F401E90E810E4FE14D
1CEB56F4020000FFFFFFFFFF
1CECF45613090002FF001100
1812F456C90EFD0E0000FD
181056F4A510760E02
181356F42E3606350F0010
181056F4A510760E02
1812F456C90EFD0E0000FD
181056F4A510760E02
1812F456C90EFD0E0000FD
181056F4A510760E02
1812F456C90EFD0E0000FD
181056F4A510760E02
1CEC56F410090002FF001100
1CECF456110201FFFF001100
1CEB56F401EA0E7C0E4FA14D
1CEB56F4020000FFFFFFFFFF
1CECF45613090002FF001100
181056F4A510760E02
1812F456C90EFD0E0000FD
181356F4253606350F0010
181056F4A510760E02
1812F456C90EFD0E0000FD
181056F4A510760E02
181056F4A510760E02
1812F456C90EFD0E0000FD
181056F4A510760E02
1CEC56F410090002FF001100
1CECF456110201FFFF001100
1CEB56F401EA0E7B0E4F614D
1812F456C90EFD0E0000FD
1CEB56F4020000FFFFFFFFFF
1CECF45613090002FF001100
181056F4A510760E02
181356F42A3606350F0010
1812F456C90EFD0E0000FD
181056F4A510760E02
181056F4A510760E02
1812F456C90EFD0E0000FD
181056F4A510760E02
1812F456C90EFD0E0000FD
181056F4A510760E02
1CEC56F410090002FF001100
1CECF456110201FFFF001100
1CEB56F401EA0E830E4F614D
1CEB56F4020000FFFFFFFFFF
1CECF45613090002FF001100
181056F4A510760E02
1812F456C90EFD0E0000FD
181356F43D360635110010
181056F4A510760E02
1812F456F00E760E0000FD
181056F4A510760E02
1812F456F00E760E0000FD
181056F4A510760E02
181056F4A510760E02
1812F456F00E760E0000FD
1CEC56F410090002FF001100
1CECF456110201FFFF001100
1CEB56F401EB0E810E4FD14D
1CEB56F4020000FFFFFFFFFF
1CECF45613090002FF001100
181056F4A510760E02
1812F456F00E760E0000FD
181356F42A3606350F0010
181056F4A510760E02
1812F456F00E760E0000FD
181056F4A510760E02
181056F4A510760E02
1812F456F00E760E0000FD
181056F4A510760E02
1CEC56F410090002FF001100
1CECF456110201FFFF001100
1CEB56F401EA0E800E4FC14D
1CEB56F4020000FFFFFFFFFF
1CECF45613090002FF001100
1812F456F00E760E0000FD
181056F4A510760E02
181356F4263606350F0010
181056F4A510760E02
1812F456F00E760E0000FD
181056F4A510760E02
1812F456F00E760E0000FD
181056F4A510760E02
1812F456F00E760E0000FD
181056F4A510760E02
1CEC56F410090002FF001100
1CECF456110201FFFF001100
1CEB56F401EB0E830E4FA14D
1CEB56F4020000FFFFFFFFFF
1CECF45613090002FF001100
181056F4A510760E02
1812F456F00E760E0000FD
181356F43C360635180010
181056F4A510760E02
1812F456F00E760E0000FD
181056F4A510760E02
1812F456F00E760E0000FD
181056F4A510760E02
181056F4A510760E02
1CEC56F410090002FF001100
1CECF456110201FFFF001100
1812F456F00E760E0000FD
1CEB56F401E90E810E4FA14D
1CEB56F4020000FFFFFFFFFF
1CECF45613090002FF001100
181056F4A510760E02
181356F4263606350F0010
1812F456F00E760E0000FD
181056F4A510760E02
181056F4A510760E02
1812F456F00E760E0000FD
181056F4A510760E02
1812F456F00E760E0000FD
181056F4A510760E02
1CEC56F410090002FF001100
1CECF456110201FFFF001100
1CEB56F401EC0E7D0E4F514D
1CEB56F4020000FFFFFFFFFF
1CECF45613090002FF001100
1812F456F20E760E0000FD
181056F4A510760E02
181356F42E360635110010
181056F4A510760E02
1812F456F20E760E0000FD
181056F4A510760E02
1812F456F20E760E0000FD
181056F4A510760E02
1812F456F20E760E0000FD
181056F4A510760E02
1CEC56F410090002FF001100
1CECF456110201FFFF001100
1CEB56F401EA0E7C0E4FE14D
1CEB56F4020000FFFFFFFFFF
1CECF45613090002FF001100
181056F4A510760E02
1812F456F20E760E0000FD
181356F42E3606350F0010
181056F4A510760E02
1812F456F20E760E0000FD
181056F4A510760E02
181056F4A510760E02
1812F456F20E760E0000FD
181056F4A510760E02
1CEC56F410090002FF001100
1CECF456110201FFFF001100
1CEB56F401EB0E800E4F414D
1812F456F20E760E0000FD
1CEB56F4020000FFFFFFFFFF
1CECF45613090002FF001100
181056F4A510760E02
181356F42E3606350F0010
1812F456F20E760E0000FD
181056F4A510760E02
181056F4A510760E02
1812F456F20E760E0000FD
181056F4A510760E02
1812F456F20E760E0000FD
181056F4A510760E02
1CEC56F410090002FF001100
1CECF456110201FFFF001100
1CEB56F401EE0E770E4F514D
1CEB56F4020000FFFFFFFFFF
1CECF45613090002FF001100
181056F4A510760E02
1812F456F20E760E0000FD
181356F42A360635180010
181056F4A510760E02
1812F456F20E760E0000FD
181056F4A510760E02
1812F456F20E760E0000FD
181056F4A510760E02
181056F4A510760E02
1812F456F20E760E0000FD
1CEC56F410090002FF001100
1CECF456110201FFFF001100
1CEB56F401EC0E770E4F514D
1CEB56F4020000FFFFFFFFFF
1CECF45613090002FF001100
181056F4A510760E02
1812F456F20E760E0000FD
181356F43C3606350F0010
181056F4A510760E02
1812F456F20E760E0000FD
181056F4A510760E02
181056F4A510760E02
1812F456F30E760E0000FD
181056F4A510760E02
1CEC56F410090002FF001100
1CECF456110201FFFF001100
1CEB56F401EF0E770E4FC14D
1CEB56F4020000FFFFFFFFFF
1CECF45613090002FF001100
1812F456F30E760E0000FD
181056F4A510760E02
181356F425360635110010
181056F4A510760E02
1812F456F30E760E0000FD
181056F4A510760E02
1812F456F30E760E0000FD
181056F4A510760E02
1812F456F30E760E0000FD
181056F4A510760E02
1CEC56F410090002FF001100
1CECF456110201FFFF001100
1CEB56F401ED0E750E4F514D
1CEB56F4020000FFFFFFFFFF
1CECF45613090002FF001100
181056F4A510760E02
1812F456F30E760E0000FD
181356F43C3606350F0010
181056F4A510760E02
1812F456F30E760E0000FD
181056F4A510760E02
1812F456F30E760E0000FD
181056F4A510760E02
181056F4A510760E02
1CEC56F410090002FF001100
1CECF456110201FFFF001100
1812F456F30E760E0000FD
1CEB56F401ED0E820E4FE14D
1CEB56F4020000FFFFFFFFFF
1CECF45613090002FF001100
181056F4A510760E02
181356F42E360635110010
1812F456F30E760E0000FD
181056F4A510760E02
181056F4A510760E02
1812F456F30E760E0000FD
181056F4A510760E02
1812F456F30E760E0000FD
181056F4A510760E02
1CEC56F410090002FF001100
1CECF456110201FFFF001100
1CEB56F401EF0E780E4FE14D
1CEB56F4020000FFFFFFFFFF
1CECF45613090002FF001100
1812F456F30E760E0000FD
181056F4A510760E02
181356F42E3606350F0010
181056F4A510760E02
1812F456F30E760E0000FD
181056F4A510760E02
1812F456F30E760E0000FD
181056F4A510760E02
1812F456F30E760E0000FD
181056F4A510760E02
1CEC56F410090002FF001100
1CECF456110201FFFF001100
1CEB56F401EF0E770E4F414D
1CEB56F4020000FFFFFFFFFF
1CECF45613090002FF001100
181056F4A510760E02
1812F456F30E760E0000FD
181356F4333606350F0010
181056F4A510760E02
1812F456F30E760E0000FD
181056F4A510760E02
181056F4A510760E02
1812F456F50E760E0000FD
181056F4A510760E02
1CEC56F410090002FF001100
1CECF456110201FFFF001100
1CEB56F401F00E7A0E4FA14D
1812F456F50E760E0000FD
1CEB56F4020000FFFFFFFFFF
1CECF45613090002FF001100
181056F4A510760E02
181356F43C360635180010
1812F456F50E760E0000FD
181056F4A510760E02
181056F4A510760E02
1812F456F50E760E0000FD
181056F4A510760E02
1812F456F50E760E0000FD
181056F4A510760E02
1CEC56F410090002FF001100
1CECF456110201FFFF001100
1CEB56F401F00E760E4FE14D
1CEB56F4020000FFFFFFFFFF
1CECF45613090002FF001100
181056F4A510760E02
1812F456F50E760E0000FD
181356F42A3606350F0010
181056F4A510760E02
1812F456F50E760E0000FD
181056F4A510580E02
1812F456F50E760E0000FD
181056F4A510580E02
181056F4A510580E02
1812F456F50E760E0000FD
1CEC56F410090002FF001100
1CECF456110201FFFF001100
1CEB56F401F10E770E4F414D
1CEB56F4022D00FFFFFFFFFF
1CECF45613090002FF001100
181056F4A510580E02
1812F456F50E760E0000FD
181356F43C360635110010
181056F4A510580E02
1812F456F50E760E0000FD
181056F4A510580E02
181056F4A510580E02
1812F456F50E760E0000FD
181056F4A510580E02
1CEC56F410090002FF001100
1CECF456110201FFFF001100
1CEB56F401F00E7B0E4F914D
1CEB56F4022C00FFFFFFFFFF
1CECF45613090002FF001100
1812F456F50E760E0000FD
181056F4A510580E02
181356F4533606350F0010
181056F4A510580E02
1812F456F50E760E0000FD
181056F4A510580E02
1812F456F50E760E0000FD
181056F4A510580E02
1812F456F50E760E0000FD
181056F4A510580E02
1CEC56F410090002FF001100
1CECF456110201FFFF001100
1CEB56F401F20E770E4F214D
1CEB56F4022C00FFFFFFFFFF
1CECF45613090002FF001100
181056F4A510580E02
1812F456F50E760E0000FD
181356F43C360635180010
181056F4A510580E02
1812F456F60E760E0000FD
181056F4A510580E02
1812F456F60E760E0000FD
181056F4A510580E02
181056F4A510580E02
1CEC56F410090002FF001100
1CECF456110201FFFF001100
1812F456F60E760E0000FD
1CEB56F401F10E750E4F514D
1CEB56F4022C00FFFFFFFFFF
1CECF45613090002FF001100
181056F4A510580E02
181356F4253606350F0010
1812F456F60E760E0000FD
181056F4A510580E02
181056F4A510580E02
1812F456F60E760E0000FD
181056F4A510580E02
1812F456F60E760E0000FD
181056F4A510580E02
1CEC56F410090002FF001100
1CECF456110201FFFF001100
1CEB56F401F10E790E4FC14D
1CEB56F4022D00FFFFFFFFFF
1CECF45613090002FF001100
1812F456F60E760E0000FD
181056F4A510580E02
181356F4253606350F0010
181056F4A510580E02
1812F456F60E760E0000FD
181056F4A510580E02
1812F456F60E760E0000FD
181056F4A510580E02
181056F4A510580E02
1812F456F60E760E0000FD
1CEC56F410090002FF001100
1CECF456110201FFFF001100
1CEB56F401F20E750E50314D
1CEB56F4022D00FFFFFFFFFF
1CECF45613090002FF001100
181056F4A510580E02
1812F456F60E760E0000FD
181356F425360635110010
181056F4A510580E02
1812F456F60E760E0000FD
181056F4A510580E02
181056F4A510580E02
1812F456F60E760E0000FD
181056F4A510580E02
1CEC56F410090002FF001100
1CECF456110201FFFF001100
1CEB56F401F30E780E50514D
1812F456F60E760E0000FD
1CEB56F4022D00FFFFFFFFFF
1CECF45613090002FF001100
181056F4A510580E02
181356F43D3606350F0010
1812F456F60E760E0000FD
181056F4A510580E02
181056F4A510580E02
1812F456F60E760E0000FD
181056F4A510580E02
1812F456F60E760E0000FD
181056F4A510580E02
1CEC56F410090002FF001100
1CECF456110201FFFF001100
1CEB56F401F20E7C0E50514D
1CEB56F4022D00FFFFFFFFFF
1CECF45613090002FF001100
181056F4A510580E02
1812F456F60E760E0000FD
181356F429360635110010
181056F4A510580E02
1812F456F70E760E0000FD
181056F4A510580E02
1812F456F70E760E0000FD
181056F4A510580E02
181056F4A510580E02
1812F456F70E760E0000FD
1CEC56F410090002FF001100
1CECF456110201FFFF001100
1CEB56F401F20E720E50E14D
1CEB56F4022D00FFFFFFFFFF
1CECF45613090002FF001100
181056F4A510580E02
1812F456F70E760E0000FD
181356F43C3606350F0010
181056F4A510580E02
1812F456F70E760E0000FD
181056F4A510580E02
181056F4A510580E02
1812F456F70E760E0000FD
181056F4A510580E02
1CEC56F410090002FF001100
1CECF456110201FFFF001100
1CEB56F401F40E740E50314D
1CEB56F4022D00FFFFFFFFFF
1CECF45613090002FF001100
1812F456F70E760E0000FD
181056F4A510580E02
181356F43C3606350F0010
181056F4A510580E02
1812F456F70E760E0000FD
181056F4A510580E02
1812F456F70E760E0000FD
181056F4A510580E02
1812F456F70E760E0000FD
181056F4A510580E02
1CEC56F410090002FF001100
1CECF456110201FFFF001100
1CEB56F401F50E760E50314D
1CEB56F4022D00FFFFFFFFFF
1CECF45613090002FF001100
181056F4A510580E02
1812F456F70E760E0000FD
181356F43C360635110010
181056F4A510580E02
1812F456F70E760E0000FD
181056F4A510580E02
1812F456F70E760E0000FD
181056F4A510580E02
181056F4A510580E02
1CEC56F410090002FF001100
1CECF456110201FFFF001100
1812F456F70E760E0000FD
1CEB56F401F40E750E50514D
1CEB56F4022D00FFFFFFFFFF
1CECF45613090002FF001100
181056F4A510580E02
181356F4243606350F0010
1812F456F70E760E0000FD
181056F4A510580E02
181056F4A510580E02
1812F456F70E760E0000FD
181056F4A510580E02
1812F456F70E760E0000FD
181056F4A510580E02
1CEC56F410090002FF001100
1CECF456110201FFFF001100
1CEB56F401F70E590E50E14D
1CEB56F4022D00FFFFFFFFFF
1CECF45613090002FF001100
1812F456F70E760E0000FD
181056F4A510580E02
181356F42A360635110010
181056F4A510580E02
1812F456F80E760E0000FD
181056F4A510580E02
1812F456F80E760E0000FD
181056F4A510580E02
181056F4A510580E02
1812F456F80E760E0000FD
1CEC56F410090002FF001100
1CECF456110201FFFF001100
1CEB56F401F70E5C0E50314D
1CEB56F4022D00FFFFFFFFFF
1CECF45613090002FF001100
181056F4A510580E02
1812F456F80E760E0000FD
181356F42E3606350F0010
181056F4A510580E02
1812F456F80E760E0000FD
181056F4A510580E02
181056F4A510580E02
1812F456F80E760E0000FD
181056F4A510580E02
1CEC56F410090002FF001100
1CECF456110201FFFF001100
1CEB56F401F70E5F0E50414D
1812F456F80E760E0000FD
1CEB56F4022D00FFFFFFFFFF
1CECF45613090002FF001100
181056F4A510580E02
181356F4533606350F0010
1812F456F80E760E0000FD
181056F4A510580E02
181056F4A510580E02
1812F456F80E760E0000FD
181056F4A510580E02
1812F456F80E760E0000FD
181056F4A510580E02
1CEC56F410090002FF001100
1CECF456110201FFFF001100
1CEB56F401F90E5D0E50814D
1CEB56F4022D00FFFFFFFFFF
1CECF45613090002FF001100
181056F4A510580E02
1812F456F80E760E0000FD
181356F4543606350F0010
181056F4A510580E02
1812F456F80E760E0000FD
181056F4A5103A0E02
1812F456F80E760E0000FD
181056F4A5103A0E02
181056F4A5103A0E02
1812F456F80E760E0000FD
1CEC56F410090002FF001100
1CECF456110201FFFF001100
1CEB56F401F90E5A0E50514D
1CEB56F4022C00FFFFFFFFFF
1CECF45613090002FF001100
181056F4A5103A0E02
1812F456F80E760E0000FD
181356F43D3606350F0010
181056F4A5103A0E02
1812F456F80E760E0000FD
181056F4A5103A0E02
181056F4A5103A0E02
1812F456FD0E580E0000FD
181056F4A5103A0E02
1CEC56F410090002FF001100
1CECF456110201FFFF001100
1CEB56F401F70E620E50A14D
1CEB56F4022C00FFFFFFFFFF
1CECF45613090002FF001100
1812F456FD0E580E0000FD
181056F4A5103A0E02
181356F42E360635110010
181056F4A5103A0E02
1812F456FD0E580E0000FD
181056F4A5103A0E02
1812F456FD0E580E0000FD
181056F4A5103A0E02
1812F456FD0E580E0000FD
181056F4A5103A0E02
1CEC56F410090002FF001100
1CECF456110201FFFF001100
1CEB56F401FA0E5A0E50914D
1CEB56F4022C00FFFFFFFFFF
1CECF45613090002FF001100
181056F4A5103A0E02
1812F456FD0E580E0000FD
181356F42E3606350F0010
181056F4A5103A0E02
1812F456FD0E580E0000FD
181056F4A5103A0E02
1812F456FD0E580E0000FD
181056F4A5103A0E02
181056F4A5103A0E02
1CEC56F410090002FF001100
1CECF456110201FFFF001100
1812F456FD0E580E0000FD
1CEB56F401F90E560E50414D
1CEB56F4022C00FFFFFFFFFF
1CECF45613090002FF001100
181056F4A5103A0E02
181356F42E360635110010
1812F456FD0E580E0000FD
181056F4A5103A0E02
181056F4A5103A0E02
1812F456FD0E580E0000FD
181056F4A5103A0E02
1812F456FD0E580E0000FD
181056F4A5103A0E02
1CEC56F410090002FF001100
1CECF456110201FFFF001100
1CEB56F401FA0E5E0E50A14D
1CEB56F4022C00FFFFFFFFFF
1CECF45613090002FF001100
1812F456FD0E580E0000FD
181056F4A5103A0E02
181356F42A3606350F0010
181056F4A5103A0E02
1812F456FD0E580E0000FD
181056F4A5103A0E02
1812F456FD0E580E0000FD
181056F4A5103A0E02
181056F4A5103A0E02
1812F456FD0E580E0000FD
1CEC56F410090002FF001100
1CECF456110201FFFF001100
1CEB56F401FA0E5C0E50C14D
1CEB56F4022C00FFFFFFFFFF
1CECF45613090002FF001100
181056F4A5103A0E02
1812F456FD0E580E0000FD
181356F4543606350F0010
181056F4A5103A0E02
1812F456FD0E580E0000FD
181056F4A5103A0E02
181056F4A5103A0E02
1812F456FF0E580E0000FD
181056F4A5103A0E02
1CEC56F410090002FF001100
1CECF456110201FFFF001100
1CEB56F401F90E550E50E14D
1812F456FF0E580E0000FD
1CEB56F4022C00FFFFFFFFFF
1CECF45613090002FF001100
181056F4A5103A0E02
181356F43C3606350F0010
1812F456FF0E580E0000FD
181056F4A5103A0E02
181056F4A5103A0E02
1812F456FF0E580E0000FD
181056F4A5103A0E02
1812F456FF0E580E0000FD
181056F4A5103A0E02
1CEC56F410090002FF001100
1CECF456110201FFFF001100
1CEB56F401FB0E580E50E14D
1CEB56F4022C00FFFFFFFFFF
1CECF45613090002FF001100
181056F4A5103A0E02
1812F456FF0E580E0000FD
181356F43C3606350F0010
181056F4A5103A0E02
1812F456FF0E580E0000FD
181056F4A5103A0E02
1812F456FF0E580E0000FD
181056F4A5103A0E02
181056F4A5103A0E02
1812F456FF0E580E0000FD
1CEC56F410090002FF001100
1CECF456110201FFFF001100
1CEB56F401FB0E590E50C14D
1CEB56F4022C00FFFFFFFFFF
1CECF45613090002FF001100
181056F4A5103A0E02
1812F456FF0E580E0000FD
181356F43C360635110010
181056F4A5103A0E02
1812F456FF0E580E0000FD
181056F4A5103A0E02
181056F4A5103A0E02
1812F456FF0E580E0000FD
181056F4A5103A0E02
1CEC56F410090002FF001100
1CECF456110201FFFF001100
1CEB56F401F90E560E50C14D
1CEB56F4022C00FFFFFFFFFF
1CECF45613090002FF001100
1812F456FF0E580E0000FD
181056F4A5103A0E02
181356F42A360635180010
181056F4A5103A0E02
1812F456FF0E580E0000FD
181056F4A5103A0E02
1812F456FF0E580E0000FD
181056F4A5103A0E02
1812F456FF0E580E0000FD
181056F4A5103A0E02
1CEC56F410090002FF001100
1CECF456110201FFFF001100
1CEB56F401F90E5A0E50E14D
1CEB56F4022C00FFFFFFFFFF
1CECF45613090002FF001100
181056F4A5103A0E02
1812F456FF0E580E0000FD
181356F42E3606350F0010
181056F4A5103A0E02
1812F456000F580E0000FD
181056F4A5103A0E02
1812F456000F580E0000FD
181056F4A5103A0E02
181056F4A5103A0E02
1CEC56F410090002FF001100
1CECF456110201FFFF001100
1812F456000F580E0000FD
1CEB56F401FA0E5C0E50C14D
1CEB56F4022C00FFFFFFFFFF
1CECF45613090002FF001100
181056F4A5103A0E02
181356F43D360635180010
1812F456000F580E0000FD
181056F4A5103A0E02
181056F4A5103A0E02
1812F456000F580E0000FD
181056F4A5103A0E02
1812F456000F580E0000FD
181056F4A5103A0E02
1CEC56F410090002FF001100
1CECF456110201FFFF001100
1CEB56F401FE0E3A0E51314D
1CEB56F4022C00FFFFFFFFFF
1CECF45613090002FF001100
1812F456000F580E0000FD
181056F4A5103A0E02
181356F42A3606350F0010
181056F4A5103A0E02
1812F456000F580E0000FD
181056F4A5103A0E02
1812F456000F580E0000FD
181056F4A5103A0E02
181056F4A5103A0E02
1812F456000F580E0000FD
1CEC56F410090002FF001100
1CECF456110201FFFF001100
1CEB56F401FE0E3D0E51C14D
1CEB56F4022C00FFFFFFFFFF
1CECF45613090002FF001100
181056F4A5103A0E02
1812F456000F580E0000FD
181356F42E360635110010
181056F4A5103A0E02
1812F456000F580E0000FD
181056F4A5103A0E02
181056F4A5103A0E02
1812F456000F580E0000FD
181056F4A5103A0E02
1CEC56F410090002FF001100
1CECF456110201FFFF001100
1CEB56F401FE0E430E51C14D
1812F456000F580E0000FD
1CEB56F4022C00FFFFFFFFFF
1CECF45613090002FF001100
181056F4A5103A0E02
181356F42E3606350F0010
1812F456000F580E0000FD
181056F4A5103A0E02
181056F4A5103A0E02
1812F456000F580E0000FD
181056F4A5103A0E02
1812F456000F580E0000FD
181056F4A5103A0E02
1CEC56F410090002FF001100
1CECF456110201FFFF001100
1CEB56F401FE0E380E51A14D
1CEB56F4022C00FFFFFFFFFF
1CECF45613090002FF001100
181056F4A5103A0E02
1812F456000F580E0000FD
181356F42A3606350F0010
181056F4A5103A0E02
1812F456030F3A0E0000FD
181056F4A5103A0E02
1812F456030F3A0E0000FD
181056F4A5103A0E02
181056F4A5103A0E02
1812F456030F3A0E0000FD
1CEC56F410090002FF001100
1CECF456110201FFFF001100
1CEB56F401FF0E3B0E51E14D
1CEB56F4022C00FFFFFFFFFF
1CECF45613090002FF001100
181056F4A5103A0E02
1812F456030F3A0E0000FD
181356F4253606350F0010
181056F4A5103A0E02
1812F456030F3A0E0000FD
181056F4A5103A0E02
181056F4A5103A0E02
1812F456030F3A0E0000FD
181056F4A5103A0E02
1CEC56F410090002FF001100
1CECF456110201FFFF001100
1CEB56F401FE0E3B0E51E14D
1CEB56F4022B00FFFFFFFFFF
1CECF45613090002FF001100
1812F456030F3A0E0000FD
181056F4A5103A0E02
181356F43C3606350F0010
181056F4A5103A0E02
1812F456030F3A0E0000FD
181056F4A5103A0E02
1812F456030F3A0E0000FD
181056F4A5103A0E02
1812F456030F3A0E0000FD
181056F4A5103A0E02
1CEC56F410090002FF001100
1CECF456110201FFFF001100
1CEB56F401FD0E360E51C14D
1CEB56F4022B00FFFFFFFFFF
1CECF45613090002FF001100
181056F4A5103A0E02
1812F456030F3A0E0000FD
181356F43C3606350F0010
181056F4A5103A0E02
1812F456030F3A0E0000FD
181056F4A5103A0E02
1812F456030F3A0E0000FD
181056F4A5103A0E02
181056F4A5103A0E02
1CEC56F410090002FF001100
1CECF456110201FFFF001100
1812F456030F3A0E0000FD
1CEB56F401FE0E3E0E51C14D
1CEB56F4022B00FFFFFFFFFF
1CECF45613090002FF001100
181056F4A5103A0E02
181356F42E3606350F0010
1812F456030F3A0E0000FD
181056F4A5103A0E02
181056F4A5103A0E02
1812F456030F3A0E0000FD
181056F4A5103A0E02
1812F456030F3A0E0000FD
181056F4A5103A0E02
1CEC56F410090002FF001100
1CECF456110201FFFF001100
1CEB56F401FE0E3B0E51E14D
1CEB56F4022B00FFFFFFFFFF
1CECF45613090002FF001100
1812F456060F3A0E0000FD
181056F4A5103A0E02
181356F43C360635110010
181056F4A5103A0E02
1812F456060F3A0E0000FD
181056F4A5103A0E02
1812F456060F3A0E0000FD
181056F4A5103A0E02
181056F4A5103A0E02
1812F456060F3A0E0000FD
1CEC56F410090002FF001100
1CECF456110201FFFF001100
1CEB56F401010F390E51514D
1CEB56F4022B00FFFFFFFFFF
1CECF45613090002FF001100
181056F4A5103A0E02
1812F456060F3A0E0000FD
181356F4333606350F0010
181056F4A5103A0E02
1812F456060F3A0E0000FD
181056F4A5103A0E02
181056F4A5103A0E02
1812F456060F3A0E0000FD
181056F4A5103A0E02
1CEC56F410090002FF001100
1CECF456110201FFFF001100
1CEB56F401000F3C0E51C14D
1812F456060F3A0E0000FD
1CEB56F4022B00FFFFFFFFFF
1CECF45613090002FF001100
181056F4A5103A0E02
181356F43C3606350F0010
1812F456060F3A0E0000FD
181056F4A5103A0E02
181056F4A5103A0E02
1812F456060F3A0E0000FD
181056F4A5103A0E02
1812F456060F3A0E0000FD
181056F4A5103A0E02
1CEC56F410090002FF001100
1CECF456110201FFFF001100
1CEB56F401000F3C0E51414D
1CEB56F4022B00FFFFFFFFFF
1CECF45613090002FF001100
181056F4A5103A0E02
1812F456060F3A0E0000FD
181356F454360635180010
181056F4A5103A0E02
1812F456060F3A0E0000FD
181056F4A5103A0E02
1812F456060F3A0E0000FD
181056F4A5103A0E02
181056F4A5103A0E02
1812F456060F3A0E0000FD
1CEC56F410090002FF001100
1CECF456110201FFFF001100
1CEB56F401020F3C0E51314D
1CEB56F4022B00FFFFFFFFFF
1CECF45613090002FF001100
181056F4A5103A0E02
1812F456060F3A0E0000FD
181356F43C3606350F0010
181056F4A510580E02
1812F456060F3A0E0000FD
181056F4A510580E02
181056F4A510580E02
1812F456080F3A0E0000FD
181056F4A510580E02
1CEC56F410090002FF001100
1CECF456110201FFFF001100
1CEB56F401000F3A0E51E14D
1CEB56F4022B00FFFFFFFFFF
1CECF45613090002FF001100
1812F456080F3A0E0000FD
181056F4A510580E02
181356F454360635110010
181056F4A510580E02
1812F456080F3A0E0000FD
181056F4A510580E02
1812F456080F3A0E0000FD
181056F4A510580E02
1812F456080F3A0E0000FD
181056F4A510580E02
1CEC56F410090002FF001100
1CECF456110201FFFF001100
1CEB56F401010F3B0E51414D
1CEB56F4022B00FFFFFFFFFF
1CECF45613090002FF001100
181056F4A510580E02
1812F456080F3A0E0000FD
181356F42A3606350F0010
181056F4A510580E02
1812F456080F3A0E0000FD
181056F4A510580E02
1812F456080F3A0E0000FD
181056F4A510580E02
181056F4A510580E02
1CEC56F410090002FF001100
1CECF456110201FFFF001100
1CEB56F401010F380E51D14D
1812F456080F3A0E0000FD
1CEB56F4022B00FFFFFFFFFF
1CECF45613090002FF001100
181056F4A510580E02
181356F43C360635110010
1812F456080F3A0E0000FD
181056F4A510580E02
181056F4A510580E02
1812F456080F3A0E0000FD
181056F4A510580E02
1812F456080F3A0E0000FD
181056F4A510580E02
1CEC56F410090002FF001100
1CECF456110201FFFF001100
1CEB56F401FE0E560E51E14D
1CEB56F4022B00FFFFFFFFFF
1CECF45613090002FF001100
1812F456080F3A0E0000FD
181056F4A510580E02
181356F42E3606350F0010
181056F4A510580E02
1812F456080F3A0E0000FD
181056F4A510580E02
1812F456080F3A0E0000FD
181056F4A510580E02
181056F4A510580E02
1812F456080F3A0E0000FD
1CEC56F410090002FF001100
1CECF456110201FFFF001100
1CEB56F401FE0E590E51E14D
1CEB56F4022B00FFFFFFFFFF
1CECF45613090002FF001100
181056F4A510580E02
1812F456080F3A0E0000FD
181356F42E3606350F0010
181056F4A510580E02
1812F456080F3A0E0000FD
181056F4A510580E02
181056F4A510580E02
1812F456090F3E0E0000FD
181056F4A510580E02
1CEC56F410090002FF001100
1CECF456110201FFFF001100
1CEB56F401FF0E5C0E51E14D
1812F456090F3E0E0000FD
1CEB56F4022B00FFFFFFFFFF
1CECF45613090002FF001100
181056F4A510580E02
181356F43C360635110010
1812F456090F3E0E0000FD
181056F4A510580E02
181056F4A510580E02
1812F456090F3E0E0000FD
181056F4A510580E02
1812F456090F3E0E0000FD
181056F4A510580E02
1CEC56F410090002FF001100
1CECF456110201FFFF001100
1CEB56F401FE0E4F0E51A14D
1CEB56F4022B00FFFFFFFFFF
1CECF45613090002FF001100
181056F4A510580E02
1812F456090F3E0E0000FD
181356F42A3606350F0010
181056F4A510580E02
1812F456090F3E0E0000FD
181056F4A510580E02
1812F456090F3E0E0000FD
181056F4A510580E02
181056F4A510580E02
1CEC56F410090002FF001100
1CECF456110201FFFF001100
1812F456090F3E0E0000FD
1CEB56F401FE0E590E51C14D
1CEB56F4022B00FFFFFFFFFF
1CECF45613090002FF001100
181056F4A510580E02
1812F456090F3E0E0000FD
181356F42E3606350F0010
181056F4A510580E02
1812F456090F3E0E0000FD
181056F4A510580E02
181056F4A510580E02
1812F456090F3E0E0000FD
181056F4A510580E02
1CEC56F410090002FF001100
1CECF456110201FFFF001100
1CEB56F401FE0E570E51E14D
1CEB56F4022B00FFFFFFFFFF
1CECF45613090002FF001100
1812F456090F3E0E0000FD
181056F4A510580E02
181356F42E3606350F0010
181056F4A510580E02
1812F456090F3E0E0000FD
181056F4A510580E02
1812F456090F3E0E0000FD
181056F4A510580E02
1812F456090F3E0E0000FD
181056F4A510580E02
1CEC56F410090002FF001100
1CECF456110201FFFF001100
1CEB56F401FD0E570E51314D
1CEB56F4022B00FFFFFFFFFF
1CECF45613090002FF001100
181056F4A510580E02
1812F456090F3E0E0000FD
181356F43C360635180010
181056F4A510580E02
1812F456050F580E0000FD
181056F4A510580E02
181056F4A510580E02
1812F456050F580E0000FD
181056F4A510580E02
1CEC56F410090002FF001100
1CECF456110201FFFF001100
1CEB56F401FE0E5E0E51414D
1812F456050F580E0000FD
1CEB56F4022B00FFFFFFFFFF
1CECF45613090002FF001100
181056F4A510580E02
181356F43C360635180010
1812F456050F580E0000FD
181056F4A510580E02
181056F4A510580E02
1812F456050F580E0000FD
181056F4A510580E02
1812F456050F580E0000FD
181056F4A510580E02
1CEC56F410090002FF001100
1CECF456110201FFFF001100
1CEB56F401000F620E51814D
1CEB56F4022B00FFFFFFFFFF
1CECF45613090002FF001100
1812F456050F580E0000FD
181056F4A510580E02
181356F43D3606350F0010
181056F4A510580E02
1812F456050F580E0000FD
181056F4A510580E02
1812F456050F580E0000FD
181056F4A510580E02
181056F4A510580E02
1812F456050F580E0000FD
1CEC56F410090002FF001100
1CECF456110201FFFF001100
1CEB56F401FD0E5F0E51E14D
1CEB56F4022B00FFFFFFFFFF
1CECF45613090002FF001100
181056F4A510580E02
1812F456050F580E0000FD
181356F43C360635110010
181056F4A510580E02
1812F456050F580E0000FD
181056F4A510580E02
181056F4A510580E02
1812F456050F580E0000FD
181056F4A510580E02
1CEC56F410090002FF001100
1CECF456110201FFFF001100
1CEB56F401FD0E5C0E51E14D
1812F456050F580E0000FD
1CEB56F4022B00FFFFFFFFFF
1CECF45613090002FF001100
181056F4A510580E02
181356F4403606350F0010
1812F456050F580E0000FD
181056F4A510580E02
181056F4A510580E02
1812F456050F580E0000FD
181056F4A510580E02
1812F456050F580E0000FD
181056F4A510580E02
1CEC56F410090002FF001100
1CECF456110201FFFF001100
1CEB56F401FE0E5A0E51414D
1CEB56F4022B00FFFFFFFFFF
1CECF45613090002FF001100
181056F4A510580E02
1812F456050F580E0000FD
181356F4533606350F0010
181056F4A510580E02
0073F4B55500
101AF4560400F0F0
101AF4560400F0F0
101956F440000000
101AF4560400F0F0
101956F440000000
101956F440000000
101AF4560400F0F0
101956F440000000
101AF4560400F0F0
101956F440000000
101956F440000000
101AF4560400F0F0
101956F440000000
101AF4560400F0F0
101956F440000000
101956F440000000
101AF4560400F0F0
101956F440000000
101AF4560400F0F0
101AF4560400F0F0
101AF4560400F0F0
101AF4560400F0F0
101AF4560400F0F0
101AF4560400F0F0
101AF4560400F0F0
101AF4560400F0F0
101AF4560400F0F0
101AF4560400F0F0
101AF4560400F0F0
101AF4560400F0F0
101AF4560400F0F0
101AF4560400F0F0
101AF4560400F0F0
101AF4560400F0F0
101AF4560400F0F0
101AF4560400F0F0
181C56F44D4D014E013536
181DF4560000010001010101
0070F4B50000B5
181C56F44D4D014E013536
181DF4560000010001010101
0070F4B50000B5
181C56F44D4D014E013536
181DF4560000010001010101
181C56F44D4D014D013536
181DF4560000010001010101
0070F4B50000B5
181C56F44D4D014D013536
0070F4B50000B5
0070F4B50000B5
0070F4B50000B5
0070F4B50000B5
0070F4B50000B5
0070F4B50000B5
0070F4B50000B5
0070F4B50000B5
0070F4B50000B5
0070F4B50000B5
0070F4B50000B5
0070F4B50000B5
0070F4B50000B5
0070F4B50000B5
0070F4B50000B5
0070F4B50000B5
0070F4B50000B5
0070F4B50000B5
0070F4B50000B5
0070F4B50000B5
0070F4B50000B5
0070F4B50000B5
0070F4B50000B5
0070F4B50000B5
0070F4B50000B5
0070F4B50000B5
0070F4B50000B5
